  config.cpp
  displacement.cpp
  hooks.cpp
  input.cpp
  interfaces.cpp
  memory.cpp
  imgui_impl_dx11.cpp
  imgui_impl_win32.cpp
  imgui.cpp
  imgui_demo.cpp
  imgui_draw.cpp
  imgui_tables.cpp
  imgui_widgets.cpp
  player_esp.cpp
  visuals.cpp
  directx.cpp
C:\Users\Admin\Documents\GitHub\MINE\internal-cheat-sdk\base\features\visuals\player_esp.cpp(5,124): error C2039: 'GetPawnHandle': is not a member of 'CCSPlayerController'
C:\Users\Admin\Documents\GitHub\MINE\internal-cheat-sdk\base\havoc.h(7): message : see declaration of 'CCSPlayerController'
C:\Users\Admin\Documents\GitHub\MINE\internal-cheat-sdk\base\features\visuals\player_esp.cpp(6,119): error C2039: 'GetPawnHandle': is not a member of 'CCSPlayerController'
C:\Users\Admin\Documents\GitHub\MINE\internal-cheat-sdk\base\havoc.h(7): message : see declaration of 'CCSPlayerController'
  main.cpp
  button.cpp
  checkbox.cpp
  colorpicker.cpp
  combo.cpp
  group.cpp
  listbox.cpp
  multicombo.cpp
  slider.cpp
  textinput.cpp
  elements.cpp
  menu.cpp
  utlmemory.cpp
  class_offsets.cpp
  dxhook_uglyshit.cpp
  render.cpp
  schema.cpp
