  displacement.cpp
  hooks.cpp
  input.cpp
  interfaces.cpp
  memory.cpp
  directx.cpp
  main.cpp
  button.cpp
  checkbox.cpp
  colorpicker.cpp
  combo.cpp
  group.cpp
  listbox.cpp
  multicombo.cpp
  slider.cpp
  textinput.cpp
  elements.cpp
  menu.cpp
  dxhook_uglyshit.cpp
  render.cpp
  Generating code
  28 of 2509 functions ( 1.1%) were compiled, the rest were copied from previous compilation.
    21 functions were new in current compilation
    25 functions had inline decision re-evaluated but remain unchanged
  Finished generating code
  internal-cheat-base.vcxproj -> C:\Users\Admin\Documents\GitHub\MINE\internal-cheat-sdk\x64\Release\base.dll
